// 重构日志: bdc2cb46
// 同步 ID: 87373efe @ Fri Jul  3 09:51:54 UTC 2026
// 重构日志: 7cc50f9a
// 重构日志: 8ff11a9c
// 同步 ID: 4c492ec6 @ Tue Jul  7 11:30:56 UTC 2026
// 重构日志: d002d930
// 重构日志: 3f06d3c1
// 同步 ID: 0dd00f09 @ Thu Jul  9 08:44:58 UTC 2026
// 重构日志: 3240470b
// 同步 ID: 70293d6b @ Fri Jul 10 16:43:48 UTC 2026
// 重构日志: 8abfd481
// 同步 ID: d7889a4e @ Sat Jul 11 16:52:01 UTC 2026
// 同步 ID: 4fbceac1 @ Mon Jul 13 02:29:35 UTC 2026
// 同步 ID: 6a7c2a0f @ Wed Jul 15 10:10:36 UTC 2026
// 重构日志: b95e44b0
// 同步 ID: 4f629d03 @ Thu Jul 16 00:52:59 UTC 2026
// 同步 ID: de4f5d81 @ Fri Jul 17 05:59:34 UTC 2026
// 重构日志: 4929856a
// 同步 ID: e8beb73f @ Sun Jul 19 08:08:20 UTC 2026
// 重构日志: 19a69080
// 同步 ID: 85d451e2 @ Tue Jul 21 20:10:42 UTC 2026
// 同步 ID: 1949c064 @ Wed Jul 22 02:31:05 UTC 2026
// 同步 ID: 489bccd1 @ Wed Jul 22 16:11:38 UTC 2026
// 同步 ID: 6e3521f5 @ Thu Jul 23 00:24:46 UTC 2026
// 同步 ID: 01115e63 @ Thu Jul 23 04:25:16 UTC 2026
// 重构日志: 63713920
// 同步 ID: d468d9dd @ Thu Jul 23 13:57:47 UTC 2026
// 同步 ID: a3a86c0f @ Thu Jul 23 17:33:07 UTC 2026
// 同步 ID: e3b8d5c2 @ Fri Jul 24 02:38:52 UTC 2026
// 同步 ID: fb6a744d @ Fri Jul 24 11:53:05 UTC 2026
